Start testing: Jun 01 00:15 MSK
----------------------------------------------------------
1/1 Testing: test_project
1/1 Test: test_project
Command: "/Users/anastasiasmirnova/Documents/GitHub/PROJECT/cmake-build-debug/test_project"
Directory: /Users/anastasiasmirnova/Documents/GitHub/PROJECT/cmake-build-debug
"test_project" start time: Jun 01 00:15 MSK
Output:
----------------------------------------------------------
[==========] Running 3 tests from 1 test suite.
[----------] Global test environment set-up.
[----------] 3 tests from NasaApiTest
[ RUN      ] NasaApiTest.FetchNeoDataParsesCorrectly
/Users/anastasiasmirnova/Documents/GitHub/PROJECT/test/test_neo.cpp:61: Failure
Expected equality of these values:
  neos.size()
    Which is: 122
  1

[  FAILED  ] NasaApiTest.FetchNeoDataParsesCorrectly (1496 ms)
[ RUN      ] NasaApiTest.EuclideanDistanceCalculatesCorrectly
/Users/anastasiasmirnova/Documents/GitHub/PROJECT/test/test_neo.cpp:75: Failure
The difference between distance and 5000.0001 is 5000.0011504999211, which exceeds 0.0001, where
distance evaluates to 10000.001250499921,
5000.0001 evaluates to 5000.0001000000002, and
0.0001 evaluates to 0.0001.

[  FAILED  ] NasaApiTest.EuclideanDistanceCalculatesCorrectly (0 ms)
[ RUN      ] NasaApiTest.KMeansClusteringGroupsCorrectly
Cluster 1:
  NEO(name: NEO 1, diameter: 0.1, distance: 100000, speed: 25, absolute magnitude: 22.1)
  NEO(name: NEO 2, diameter: 0.2, distance: 110000, speed: 30, absolute magnitude: 21.5)
  NEO(name: NEO 3, diameter: 0.15, distance: 105000, speed: 27, absolute magnitude: 22)
Cluster 2:
[       OK ] NasaApiTest.KMeansClusteringGroupsCorrectly (0 ms)
[----------] 3 tests from NasaApiTest (1497 ms total)

[----------] Global test environment tear-down
[==========] 3 tests from 1 test suite ran. (1497 ms total)
[  PASSED  ] 1 test.
[  FAILED  ] 2 tests, listed below:
[  FAILED  ] NasaApiTest.FetchNeoDataParsesCorrectly
[  FAILED  ] NasaApiTest.EuclideanDistanceCalculatesCorrectly

 2 FAILED TESTS
<end of output>
Test time =   1.77 sec
----------------------------------------------------------
Test Failed.
"test_project" end time: Jun 01 00:15 MSK
"test_project" time elapsed: 00:00:01
----------------------------------------------------------

End testing: Jun 01 00:15 MSK
